time="2026-04-06T19:48:44Z" level=warning msg="/opt/servidoron/docker-compose.yaml: the attribute `version` is obsolete, it will be ignored, please remove it to avoid potential confusion"
 Image servidoron-frontend Building 
 Image servidoron-backend Building 
#1 [internal] load local bake definitions
#1 reading from stdin 935B done
#1 DONE 0.0s

#2 [frontend internal] load build definition from Dockerfile
#2 transferring dockerfile: 885B done
#2 WARN: FromAsCasing: 'as' and 'FROM' keywords' casing do not match (line 1)
#2 DONE 0.0s

#3 [backend internal] load build definition from Dockerfile
#3 transferring dockerfile: 1.56kB done
#3 WARN: FromAsCasing: 'as' and 'FROM' keywords' casing do not match (line 1)
#3 DONE 0.0s

#4 [backend internal] load metadata for docker.io/library/node:18-bullseye
#4 DONE 0.6s

#5 [frontend internal] load metadata for docker.io/library/node:18-alpine
#5 DONE 0.6s

#6 [backend internal] load .dockerignore
#6 transferring context: 105B done
#6 DONE 0.0s

#7 [backend internal] load build context
#7 DONE 0.0s

#8 [frontend internal] load metadata for docker.io/library/nginx:alpine
#8 DONE 0.6s

#9 [frontend internal] load .dockerignore
#9 transferring context: 93B done
#9 DONE 0.0s

#10 [backend  1/11] FROM docker.io/library/node:18-bullseye@sha256:0d9e9a8dcd5a83ea737ed92227a6591a31ad70c8bb722b0c51aff7ae23a88b6a
#10 resolve docker.io/library/node:18-bullseye@sha256:0d9e9a8dcd5a83ea737ed92227a6591a31ad70c8bb722b0c51aff7ae23a88b6a 0.0s done
#10 DONE 0.0s

#11 [frontend stage-1 1/7] FROM docker.io/library/nginx:alpine@sha256:e7257f1ef28ba17cf7c248cb8ccf6f0c6e0228ab9c315c152f9c203cd34cf6d1
#11 resolve docker.io/library/nginx:alpine@sha256:e7257f1ef28ba17cf7c248cb8ccf6f0c6e0228ab9c315c152f9c203cd34cf6d1 0.0s done
#11 DONE 0.0s

#12 [frontend build-deps  1/10] FROM docker.io/library/node:18-alpine@sha256:8d6421d663b4c28fd3ebc498332f249011d118945588d0a35cb9bc4b8ca09d9e
#12 resolve docker.io/library/node:18-alpine@sha256:8d6421d663b4c28fd3ebc498332f249011d118945588d0a35cb9bc4b8ca09d9e 0.0s done
#12 DONE 0.0s

#13 [frontend internal] load build context
#13 transferring context: 8.71kB 0.0s done
#13 DONE 0.0s

#14 [frontend stage-1 2/7] RUN apk add --no-cache jq openssl wget
#14 CACHED

#15 [frontend build-deps  5/10] COPY .env* ./
#15 CACHED

#16 [frontend build-deps  7/10] COPY public/ ./public/
#16 CACHED

#17 [frontend build-deps  6/10] COPY src/ ./src/
#17 CACHED

#18 [frontend stage-1 6/7] COPY .docker/add-env-vars.sh /docker-entrypoint.d/01-add-env-vars.sh
#18 CACHED

#19 [frontend stage-1 3/7] RUN wget https://github.com/jwilder/dockerize/releases/download/v0.7.0/dockerize-alpine-linux-amd64-v0.7.0.tar.gz     && tar -C /usr/local/bin -xzvf dockerize-alpine-linux-amd64-v0.7.0.tar.gz     && rm dockerize-alpine-linux-amd64-v0.7.0.tar.gz
#19 CACHED

#20 [frontend build-deps  3/10] COPY package*.json ./
#20 CACHED

#21 [frontend stage-1 5/7] COPY --from=build-deps /usr/src/app/build /var/www/public/
#21 CACHED

#22 [frontend build-deps  4/10] RUN npm install
#22 CACHED

#23 [frontend build-deps  8/10] COPY index.html ./
#23 CACHED

#24 [frontend build-deps 10/10] RUN npm run build
#24 CACHED

#25 [frontend build-deps  2/10] WORKDIR /usr/src/app
#25 CACHED

#26 [frontend stage-1 4/7] COPY .docker/nginx /etc/nginx/
#26 CACHED

#27 [frontend build-deps  9/10] COPY vite.config.js ./
#27 CACHED

#28 [frontend stage-1 7/7] RUN chmod +x /docker-entrypoint.d/01-add-env-vars.sh
#28 CACHED

#29 [frontend] exporting to image
#29 exporting layers done
#29 exporting manifest sha256:75f32f90263056c2e854401961d21e0d07657a0fed926c437952ce661b7e4adb done
#29 exporting config sha256:b80c2671d0a935bb846f48ba56fba4cc8a9988d9a95c455d094f6df5054538c4 done
#29 exporting attestation manifest sha256:579db3ed22d9976c02fd7523f2eda5cd0cba67d9a8968b308868730d610654cd 0.0s done
#29 exporting manifest list sha256:ba125d2a6ad713a3a92d6c4e2f805044886fa6c18d9788b559224f6576e6bf73 0.0s done
#29 naming to docker.io/library/servidoron-frontend:latest done
#29 unpacking to docker.io/library/servidoron-frontend:latest 0.0s done
#29 DONE 0.1s

#30 [backend  5/11] ADD https://github.com/Yelp/dumb-init/releases/download/v1.2.1/dumb-init_1.2.1_amd64 /usr/local/bin/dumb-init
#30 DONE 0.2s

#7 [backend internal] load build context
#7 transferring context: 29.03kB done
#7 DONE 0.0s

#31 [backend  4/11] RUN wget -q -O - https://dl.google.com/linux/linux_signing_key.pub | gpg --dearmor -o /usr/share/keyrings/google-chrome.gpg     && echo "deb [arch=amd64 signed-by=/usr/share/keyrings/google-chrome.gpg] http://dl.google.com/linux/chrome/deb/ stable main" > /etc/apt/sources.list.d/google-chrome.list     && apt-get update     && apt-get install -y google-chrome-stable fonts-ipafont-gothic fonts-wqy-zenhei fonts-thai-tlwg fonts-kacst fonts-freefont-ttf libxss1       --no-install-recommends     && rm -rf /var/lib/apt/lists/*
#31 CACHED

#32 [backend  5/11] ADD https://github.com/Yelp/dumb-init/releases/download/v1.2.1/dumb-init_1.2.1_amd64 /usr/local/bin/dumb-init
#32 CACHED

#33 [backend  8/11] COPY package*.json ./
#33 CACHED

#34 [backend  3/11] RUN wget https://github.com/jwilder/dockerize/releases/download/v0.7.0/dockerize-linux-amd64-v0.7.0.tar.gz     && tar -C /usr/local/bin -xzvf dockerize-linux-amd64-v0.7.0.tar.gz     && rm dockerize-linux-amd64-v0.7.0.tar.gz
#34 CACHED

#35 [backend  7/11] WORKDIR /usr/src/app
#35 CACHED

#36 [backend  2/11] RUN apt-get update && apt-get install -y wget gnupg curl --no-install-recommends
#36 CACHED

#37 [backend  6/11] RUN chmod +x /usr/local/bin/dumb-init
#37 CACHED

#38 [backend  9/11] RUN npm install
#38 CACHED

#39 [backend 10/11] COPY . .
#39 CACHED

#40 [frontend] resolving provenance for metadata file
#40 DONE 0.0s

#41 [backend 11/11] RUN npm run build
#41 0.369 
#41 0.369 > backend@1.0.0 build
#41 0.369 > tsc
#41 0.369 
#41 6.277 src/providers/WhatsApp/Implementations/wwebjs.ts(454,7): error TS2345: Argument of type '{ session: any; authStrategy: LocalAuth; puppeteer: { executablePath: string | undefined; browserWSEndpoint: string | undefined; args: string[]; }; }' is not assignable to parameter of type 'ClientOptions'.
#41 6.277   Object literal may only specify known properties, and 'session' does not exist in type 'ClientOptions'.
#41 ERROR: process "/bin/sh -c npm run build" did not complete successfully: exit code: 2
------
 > [backend 11/11] RUN npm run build:
0.369 
0.369 > backend@1.0.0 build
0.369 > tsc
0.369 
6.277 src/providers/WhatsApp/Implementations/wwebjs.ts(454,7): error TS2345: Argument of type '{ session: any; authStrategy: LocalAuth; puppeteer: { executablePath: string | undefined; browserWSEndpoint: string | undefined; args: string[]; }; }' is not assignable to parameter of type 'ClientOptions'.
6.277   Object literal may only specify known properties, and 'session' does not exist in type 'ClientOptions'.
------
Dockerfile:29

--------------------

  27 |     RUN npm install

  28 |     COPY . .

  29 | >>> RUN npm run build

  30 |     

  31 |     ENV NODE_ENV=production

--------------------

target backend: failed to solve: process "/bin/sh -c npm run build" did not complete successfully: exit code: 2

